2025-11-19 16:01:59,616 - INFO - Iniciando búsqueda para: JBL Charge 6
2025-11-19 16:02:14,123 - INFO - Producto agregado: JBL Charge 6 - Portable Waterproof & Drop-Proof Bluetooth Speaker, Bold JBL Pro Sound with AI Sound Boost, 28Hrs of Playtime, Built-in powerbank & Comes with a Sturdy/Removable Carrying Strap (Squad) - $477069.41
2025-11-19 16:02:14,182 - INFO - Producto agregado: BassBloom Roar 1 Altavoz Bluetooth portátil de viaje, sonido potente de 60 W con graves profundos, IPX6 impermeable, tiempo de reproducción 24 horas, Bluetooth 5.4, luces de fiesta RGB, emparejamiento - $260432.79
2025-11-19 16:02:15,374 - INFO - Avanzando a la página 2
2025-11-19 16:02:15,374 - INFO - Total de productos encontrados: 2
2025-11-19 16:02:15,493 - INFO - Iniciando búsqueda para: Logitech MX Master 3S
2025-11-19 16:02:25,329 - INFO - Producto agregado: Logitech MX Master 3S - Mouse inalámbrico Bluetooth Edition, sin receptor USB, desplazamiento ultrarrápido, Ergo, 8K DPI, pista en vidrio, clics silenciosos, funciona con Apple Mac, Windows PC, Linux - $361011.42
2025-11-19 16:02:25,423 - INFO - Producto agregado: Estuche rígido de almacenamiento de viaje compatible con Logitech MX Master 4 / MX Master 3S / MX Master 3 / MX Matser 2S Advanced Mouse (grafito) - $55777.79
2025-11-19 16:02:26,561 - INFO - Avanzando a la página 2
2025-11-19 16:02:26,561 - INFO - Total de productos encontrados: 2
2025-11-19 16:02:26,682 - INFO - Iniciando búsqueda para: Samsung Galaxy Tab S9
2025-11-19 16:02:36,844 - WARNING - Producto descartado por datos incompletos: nombre='Samsung Tablet Galaxy Tab S9 FE+ Plus Android (pantalla táctil de 12.4 pulgadas, 8 GB de RAM, 256 GB de almacenamiento, batería de 18 horas de duración, S Pen, 1 cámara frontal + 2 cámaras traseras', precio='None'
2025-11-19 16:02:36,939 - INFO - Producto agregado: Tablet Android de 10 pulgadas, 2025 la última tableta Android 13 de 128 GB ROM+16 GB de RAM (8 + 8 virtuales) + 1 TB TF Expand, potente tableta WiFi 5G Octa-Core, cámara de 13 MP+8 MP, Bluetooth, - $334852.79
2025-11-19 16:02:37,040 - INFO - Producto agregado: SAMSUNG Galaxy Tab S9 FE+ WiFi Android Tablet, 8 GB de RAM, 128 GB de almacenamiento, S Pen incluido (versión internacional) (gris) - $1318759.61
2025-11-19 16:02:38,203 - INFO - Avanzando a la página 2
2025-11-19 16:02:38,204 - INFO - Total de productos encontrados: 2
2025-11-19 16:02:38,326 - INFO - Iniciando búsqueda para: Kindle Paperwhite 11ª generación
2025-11-19 16:02:47,827 - WARNING - Producto descartado por datos incompletos: nombre='International Version – AT&T – Kindle Oasis: con pantalla de 7 pulgadas y botones para cambiar de página - 32 GB, Graphite - Free 4G LTE + Wi-Fi', precio='None'
2025-11-19 16:02:47,939 - WARNING - Producto descartado por datos incompletos: nombre='Amazon Kindle Paperwhite 16 GB (último modelo). El Kindle más rápido de la historia, con nueva pantalla de 7\u2033 sin reflejos y batería durable. Pantalla de bloqueo sin anuncios. Frambuesa', precio='None'
2025-11-19 16:02:48,040 - INFO - Producto agregado: Cubierta de cuero para la Kindle Paperwhite (11.a generación, 2021) - $62661.64
2025-11-19 16:02:48,155 - INFO - Producto agregado: MoKo Paquete de 2 protectores de pantalla para Kindle Paperwhite de 6.8 pulgadas (11ª generación-2023/2021) y Kindle Paperwhite Signature Edition, película protectora de PET de alta calidad - $26009.79
2025-11-19 16:02:49,225 - INFO - Avanzando a la página 2
2025-11-19 16:02:49,225 - INFO - Total de productos encontrados: 2
2025-11-19 16:02:49,349 - INFO - Iniciando búsqueda para: Apple AirPods Pro (2ª generación)
2025-11-19 16:02:58,676 - INFO - Producto agregado: Apple AirPods Pro (2ª generación) auriculares inalámbricos con carga USB-C, hasta 2 veces más auriculares Bluetooth con cancelación activa de ruido, modo de transparencia, audio adaptativo, audio - $645444.66
2025-11-19 16:02:58,759 - INFO - Producto agregado: VRS Design Funda moderna para Apple Airpods Pro de 2ª generación y 1ª generación (2023/2022/2019) (piedra de arena) [patente registrada en Estados Unidos] - $85545.79
2025-11-19 16:02:59,900 - INFO - Avanzando a la página 2
2025-11-19 16:02:59,901 - INFO - Total de productos encontrados: 2
2025-11-19 16:03:02,161 - INFO - Correo enviado exitosamente.
2025-11-19 16:03:02,161 - INFO - Proceso completado exitosamente.
